[debug] [2022-02-16T09:00:25.054Z] ----------------------------------------------------------------------
[debug] [2022-02-16T09:00:25.058Z] Command:       C:\Program Files\nodejs\node.exe C:\Users\ThinhNguyen\AppData\Roaming\npm\node_modules\firebase-tools\lib\bin\firebase.js init
[debug] [2022-02-16T09:00:25.059Z] CLI Version:   10.2.0
[debug] [2022-02-16T09:00:25.059Z] Platform:      win32
[debug] [2022-02-16T09:00:25.060Z] Node Version:  v14.18.2
[debug] [2022-02-16T09:00:25.062Z] Time:          Wed Feb 16 2022 16:00:25 GMT+0700 (Indochina Time)
[debug] [2022-02-16T09:00:25.062Z] ----------------------------------------------------------------------
[debug] 
[debug] [2022-02-16T09:00:25.087Z] > command requires scopes: ["email","openid","https://www.googleapis.com/auth/cloudplatformprojects.readonly","https://www.googleapis.com/auth/firebase","https://www.googleapis.com/auth/cloud-platform"]
[debug] [2022-02-16T09:00:25.087Z] > authorizing via signed-in user (thinhnguyenvan772@gmail.com)
[info] 
     ######## #### ########  ######## ########     ###     ######  ########
     ##        ##  ##     ## ##       ##     ##  ##   ##  ##       ##
     ######    ##  ########  ######   ########  #########  ######  ######
     ##        ##  ##    ##  ##       ##     ## ##     ##       ## ##
     ##       #### ##     ## ######## ########  ##     ##  ######  ########

You're about to initialize a Firebase project in this directory:

  D:\Studying\MERN-stack\trello-api

[info] 
=== Project Setup
[info] 
[info] First, let's associate this project directory with a Firebase project.
[info] You can create multiple project aliases by running firebase use --add, 
[info] but for now we'll just set up a default project.
[info] 
